<?xml version="1.0" encoding="UTF-8" ?>
<testsuite tests="10" failures="0" name="Services.ParkingServiceTest" time="0.002" errors="0" skipped="0">
  <properties>
[...]
</properties>
  <testcase classname="Services.ParkingServiceTest" name="getRegistrationNumberWithvehicleColor_findAllRegistrationNumberForCarsWithColor" time="0"/>
  <testcase classname="Services.ParkingServiceTest" name="getSlotsNumberIsEmpty_whenvehicleColorNotFound_findAllSlotNumberForCarsWithColor" time="0"/>
  <testcase classname="Services.ParkingServiceTest" name="getNotFoundMessageFromRegistrationNo_whenVehicleNotFound_findSlotNumberFromRegistrationNo" time="0"/>
  <testcase classname="Services.ParkingServiceTest" name="getRegistrationNumberAsEmpty_whenvehicleColorNotFound_findAllRegistrationNumberForCarsWithColor" time="0"/>
  <testcase classname="Services.ParkingServiceTest" name="getParkingDetailsNotFound_whenSlotNotAvailable_parkVehicle" time="0.001"/>
  <testcase classname="Services.ParkingServiceTest" name="getSlotNumberFromRegistrationNo_findSlotNumberFromRegistrationNo" time="0"/>
  <testcase classname="Services.ParkingServiceTest" name="getSlotsNumberWithvehicleColor_findAllSlotNumberForCarsWithColor" time="0"/>
  <testcase classname="Services.ParkingServiceTest" name="getParkingDetails_whenVehicleGotPark_parkVehicle" time="0"/>
  <testcase classname="Services.ParkingServiceTest" name="getEmptySlotNumber_leaveVehicle_leaveVehicle" time="0"/>
  <testcase classname="Services.ParkingServiceTest" name="getMessageWhenSlotNumberNotFound_leaveVehicle" time="0.001"/>
</testsuite>